-- Found ament_cmake: 1.3.12 (/opt/ros/humble/share/ament_cmake/cmake)
-- Override CMake install command with custom implementation using symlinks instead of copying resources
-- Found rosidl_default_generators: 1.2.0 (/opt/ros/humble/share/rosidl_default_generators/cmake)
-- Using all available rosidl_typesupport_c: rosidl_typesupport_fastrtps_c;rosidl_typesupport_introspection_c
-- Found rosidl_adapter: 3.1.7 (/opt/ros/humble/share/rosidl_adapter/cmake)
-- Using all available rosidl_typesupport_cpp: rosidl_typesupport_fastrtps_cpp;rosidl_typesupport_introspection_cpp
-- Found std_msgs: 4.9.0 (/opt/ros/humble/share/std_msgs/cmake)
-- Found geometry_msgs: 4.9.0 (/opt/ros/humble/share/geometry_msgs/cmake)
-- Found ament_cmake_ros: 0.10.0 (/opt/ros/humble/share/ament_cmake_ros/cmake)
-- Using all available rosidl_typesupport_c: rosidl_typesupport_fastrtps_c;rosidl_typesupport_introspection_c
-- Using all available rosidl_typesupport_cpp: rosidl_typesupport_fastrtps_cpp;rosidl_typesupport_introspection_cpp
-- Found python_cmake_module: 0.10.0 (/opt/ros/humble/share/python_cmake_module/cmake)
-- Using PYTHON_EXECUTABLE: /usr/bin/python3
-- Using PYTHON_INCLUDE_DIRS: /usr/include/python3.10
-- Using PYTHON_LIBRARIES: /usr/lib/x86_64-linux-gnu/libpython3.10.so
-- Configuring done
-- Generating done
-- Build files have been written to: /home/y/works/ARM-Sim2sim-Isaaclab-to-Gazebo/build/robot_msgs
[  1%] Generating C code for ROS interfaces
failed to create symbolic link '/home/y/works/ARM-Sim2sim-Isaaclab-to-Gazebo/build/robot_msgs/ament_cmake_python/robot_msgs/robot_msgs' because existing path cannot be removed: Is a directory
[  2%] Generating C++ code for ROS interfaces
gmake[2]: *** [CMakeFiles/ament_cmake_python_symlink_robot_msgs.dir/build.make:70：CMakeFiles/ament_cmake_python_symlink_robot_msgs] 错误 1
gmake[1]: *** [CMakeFiles/Makefile2:421：CMakeFiles/ament_cmake_python_symlink_robot_msgs.dir/all] 错误 2
gmake[1]: *** 正在等待未完成的任务....
Consolidate compiler generated dependencies of target robot_msgs__rosidl_generator_c
[  2%] Built target robot_msgs__cpp
[  7%] Building C object CMakeFiles/robot_msgs__rosidl_generator_c.dir/rosidl_generator_c/robot_msgs/msg/detail/robot_command__functions.c.o
[  7%] Building C object CMakeFiles/robot_msgs__rosidl_generator_c.dir/rosidl_generator_c/robot_msgs/msg/detail/robot_state__functions.c.o
[  7%] Building C object CMakeFiles/robot_msgs__rosidl_generator_c.dir/rosidl_generator_c/robot_msgs/msg/detail/motor_state__functions.c.o
[  8%] Building C object CMakeFiles/robot_msgs__rosidl_generator_c.dir/rosidl_generator_c/robot_msgs/msg/detail/arm_debug_status__functions.c.o
[  9%] Building C object CMakeFiles/robot_msgs__rosidl_generator_c.dir/rosidl_generator_c/robot_msgs/msg/detail/motor_command__functions.c.o
[ 11%] Building C object CMakeFiles/robot_msgs__rosidl_generator_c.dir/rosidl_generator_c/robot_msgs/msg/detail/imu__functions.c.o
[ 12%] Linking C shared library librobot_msgs__rosidl_generator_c.so
[ 12%] Built target robot_msgs__rosidl_generator_c
gmake: *** [Makefile:146：all] 错误 2
